Traceback (most recent call last):
  File "main_options.py", line 1, in <module>
    from new_train import *
  File "/home/dsi/speingi/PycharmProjects/CDR3-PEP-Classification/pair_sampling/new_train.py", line 1, in <module>
    import torch
ModuleNotFoundError: No module named 'torch'
/home/dsi/speingi/anaconda3/envs/tf_gpu/lib/python3.6/site-packages/sklearn/externals/joblib/externals/cloudpickle/cloudpickle.py:47: DeprecationWarning: the imp module is deprecated in favour of importlib; see the module's documentation for alternative uses
  import imp
/home/dsi/speingi/anaconda3/envs/tf_gpu/lib/python3.6/site-packages/torch/nn/functional.py:1006: UserWarning: nn.functional.sigmoid is deprecated. Use torch.sigmoid instead.
  warnings.warn("nn.functional.sigmoid is deprecated. Use torch.sigmoid instead.")
/home/dsi/speingi/anaconda3/envs/tf_gpu/lib/python3.6/site-packages/torch/nn/functional.py:1594: UserWarning: Using a target size (torch.Size([50])) that is different to the input size (torch.Size([50, 1])) is deprecated. Please ensure they have the same size.
  "Please ensure they have the same size.".format(target.size(), input.size()))
/home/dsi/speingi/anaconda3/envs/tf_gpu/lib/python3.6/site-packages/torch/nn/functional.py:1594: UserWarning: Using a target size (torch.Size([40])) that is different to the input size (torch.Size([40, 1])) is deprecated. Please ensure they have the same size.
  "Please ensure they have the same size.".format(target.size(), input.size()))
epoch: 1
train auc: 0.6696218664477968
test auc: 0.6604921151520322
one epoch time: 30.07699751853943
epoch: 2
train auc: 0.7054502465791235
test auc: 0.6933915783134066
one epoch time: 29.942787647247314
epoch: 3
train auc: 0.7253491776561575
test auc: 0.7130815302205913
one epoch time: 29.532909631729126
epoch: 4
train auc: 0.731345596765288
test auc: 0.7187526667824111
one epoch time: 29.75445055961609
epoch: 5
train auc: 0.7366700331487995
test auc: 0.7220706345446288
one epoch time: 29.129648685455322
epoch: 6
train auc: 0.7485591080991468
test auc: 0.7315351740630337
one epoch time: 29.26752281188965
epoch: 7
train auc: 0.7506335852368471
test auc: 0.7329559621652851
one epoch time: 29.64235544204712
epoch: 8
train auc: 0.7540149193563246
test auc: 0.7351596440170399
one epoch time: 29.906054258346558
epoch: 9
train auc: 0.7577179637148406
test auc: 0.737357980042904
one epoch time: 29.781437158584595
epoch: 10
train auc: 0.7606022666376715
test auc: 0.7418567132293007
one epoch time: 29.655248403549194
epoch: 11
train auc: 0.7599798207888314
test auc: 0.7400107603137657
one epoch time: 29.690937280654907
epoch: 12
train auc: 0.7667582932484951
test auc: 0.7450746551942301
one epoch time: 29.40048909187317
epoch: 13
train auc: 0.7697781924040956
test auc: 0.7438346197646463
one epoch time: 29.776010990142822
epoch: 14
train auc: 0.7730923064356134
test auc: 0.7472513872172966
one epoch time: 29.092165231704712
epoch: 15
train auc: 0.7748424140850476
test auc: 0.7473321386148132
one epoch time: 30.52798366546631
epoch: 16
train auc: 0.7792061815576325
test auc: 0.748142006715142
one epoch time: 29.29951763153076
epoch: 17
train auc: 0.7845985323001599
test auc: 0.7567134499998528
one epoch time: 30.140873193740845
epoch: 18
train auc: 0.7925254087043927
test auc: 0.7688091903084591
one epoch time: 28.79073715209961
epoch: 19
train auc: 0.8014189237952134
test auc: 0.7709959273634681
one epoch time: 27.49022102355957
epoch: 20
train auc: 0.8053302096613556
test auc: 0.7729479139998843
one epoch time: 29.22014808654785
epoch: 21
train auc: 0.8111895038675021
test auc: 0.7771388698433623
one epoch time: 31.367538452148438
epoch: 22
train auc: 0.8112249212455379
test auc: 0.7747241259574669
one epoch time: 28.49197769165039
epoch: 23
train auc: 0.8147162431869597
test auc: 0.779479654963722
one epoch time: 29.046194314956665
epoch: 24
train auc: 0.8222623963124093
test auc: 0.7816100401476429
one epoch time: 29.457850217819214
epoch: 25
train auc: 0.8211743000001729
test auc: 0.7803959736612629
one epoch time: 30.220877647399902
epoch: 26
train auc: 0.8230076421504302
test auc: 0.7836677417171577
one epoch time: 29.017956972122192
epoch: 27
train auc: 0.8259658037301012
test auc: 0.7810809014729958
one epoch time: 29.10614562034607
epoch: 28
train auc: 0.8319597339730385
test auc: 0.7825761878277997
one epoch time: 29.52830743789673
epoch: 29
train auc: 0.834154130511984
test auc: 0.7873978285157142
one epoch time: 29.88420796394348
epoch: 30
train auc: 0.8377244321554647
test auc: 0.7881647583539565
one epoch time: 29.56647491455078
epoch: 31
train auc: 0.8405704625901612
test auc: 0.7922580915695836
one epoch time: 29.972490787506104
epoch: 32
train auc: 0.8383716536083357
test auc: 0.7883100520163573
one epoch time: 31.198954105377197
epoch: 33
train auc: 0.8434852290441137
test auc: 0.7910354913794879
one epoch time: 29.773887157440186
epoch: 34
train auc: 0.8492777840564724
test auc: 0.7928118749920303
one epoch time: 29.337892532348633
epoch: 35
train auc: 0.8492741534647124
test auc: 0.7906608666907965
one epoch time: 29.382381677627563
epoch: 36
train auc: 0.852187037743463
test auc: 0.7927456406996852
one epoch time: 29.583635091781616
epoch: 37
train auc: 0.8502572556110388
test auc: 0.7936618613086779
one epoch time: 29.677743196487427
epoch: 38
train auc: 0.8570110623398433
test auc: 0.7966494177954206
one epoch time: 28.516441822052002
epoch: 39
train auc: 0.8596697112458843
test auc: 0.7950907171940397
one epoch time: 27.87861180305481
epoch: 40
train auc: 0.8634216491657971
test auc: 0.7964545648939123
one epoch time: 29.140069723129272
epoch: 41
train auc: 0.8670672282631606
test auc: 0.7966584174197415
one epoch time: 29.161314249038696
epoch: 42
train auc: 0.8623215957862257
test auc: 0.7942513734848998
one epoch time: 27.464332103729248
epoch: 43
train auc: 0.869189235897983
test auc: 0.7949829178792863
one epoch time: 28.847167253494263
epoch: 44
train auc: 0.8716461847310247
test auc: 0.8004260230880825
one epoch time: 30.0221688747406
epoch: 45
train auc: 0.8710583823709241
test auc: 0.801067448628575
one epoch time: 28.207695960998535
epoch: 46
train auc: 0.8749838243601998
test auc: 0.7980728052442061
one epoch time: 27.232557773590088
epoch: 47
train auc: 0.8762531827431388
test auc: 0.8002662123205103
one epoch time: 29.126198291778564
epoch: 48
train auc: 0.8782736006880085
test auc: 0.7993740479280266
one epoch time: 30.004048109054565
epoch: 49
train auc: 0.8809192224575642
test auc: 0.7995662033944522
one epoch time: 28.601191759109497
epoch: 50
train auc: 0.8818468577605709
test auc: 0.7998437939865835
one epoch time: 27.66994857788086
epoch: 51
train auc: 0.8838119872069793
test auc: 0.8004533897931019
one epoch time: 26.817341327667236
epoch: 52
train auc: 0.8871178814513636
test auc: 0.8015879309888209
one epoch time: 27.30085778236389
epoch: 53
train auc: 0.8872676768011164
test auc: 0.8023811976023235
one epoch time: 30.069164514541626
epoch: 54
train auc: 0.8882623618090486
test auc: 0.8022997105406935
one epoch time: 29.78985023498535
epoch: 55
train auc: 0.8915062987311602
test auc: 0.8022644967517978
one epoch time: 30.11812400817871
epoch: 56
train auc: 0.8901581358062911
test auc: 0.7999400433747562
one epoch time: 29.783991813659668
epoch: 57
train auc: 0.8925247927776855
test auc: 0.8027952784096316
one epoch time: 29.97425675392151
epoch: 58
train auc: 0.8941426035742304
test auc: 0.8015623053555366
one epoch time: 28.466001510620117
epoch: 59
train auc: 0.891739854062122
test auc: 0.8043309282021253
one epoch time: 29.40775179862976
epoch: 60
train auc: 0.8978355762253425
test auc: 0.8011419959254016
one epoch time: 29.503967761993408
epoch: 61
train auc: 0.8977804995114004
test auc: 0.8042035111776804
one epoch time: 28.415547609329224
epoch: 62
train auc: 0.8986413160023787
test auc: 0.8054794470159992
one epoch time: 29.60335683822632
epoch: 63
train auc: 0.9003478820285323
test auc: 0.8033794938042369
one epoch time: 29.46730136871338
epoch: 64
train auc: 0.9012620029314226
test auc: 0.8033681645768902
one epoch time: 30.43018674850464
epoch: 65
train auc: 0.9031609234415237
test auc: 0.8028707820698057
one epoch time: 29.476965188980103
epoch: 66
train auc: 0.9062162893384689
test auc: 0.805600659939754
one epoch time: 31.490594387054443
epoch: 67
train auc: 0.9048482982870241
test auc: 0.8060661391464531
one epoch time: 30.592729568481445
epoch: 68
train auc: 0.9078612611015255
test auc: 0.806651556125777
one epoch time: 29.767210483551025
epoch: 69
train auc: 0.9083316982135314
test auc: 0.8059091239025118
one epoch time: 29.73357319831848
epoch: 70
train auc: 0.9049692352093809
test auc: 0.8041976258647731
one epoch time: 29.842744827270508
epoch: 71
train auc: 0.9095300323489867
test auc: 0.8056238333593269
one epoch time: 29.06258487701416
epoch: 72
train auc: 0.9082044364181614
test auc: 0.801091529367221
one epoch time: 29.229515552520752
epoch: 73
train auc: 0.9096052540701011
test auc: 0.8049323826591217
one epoch time: 29.515918493270874
epoch: 74
train auc: 0.9132171498747035
test auc: 0.8063562360285124
one epoch time: 29.65086078643799
epoch: 75
train auc: 0.9119916738811142
test auc: 0.8042684212746214
one epoch time: 29.42535138130188
epoch: 76
train auc: 0.9125431942090889
test auc: 0.8055009038859738
one epoch time: 29.434105157852173
epoch: 77
train auc: 0.9149820155611684
test auc: 0.8039119184452573
one epoch time: 28.70871067047119
epoch: 78
train auc: 0.9130031583377595
test auc: 0.804654448757071
one epoch time: 28.384001970291138
epoch: 79
train auc: 0.9163868364182328
test auc: 0.8029501111833697
one epoch time: 30.485121488571167
epoch: 80
train auc: 0.9183485884588858
test auc: 0.8028091088949638
one epoch time: 29.479892015457153
epoch: 81
train auc: 0.9191778538335796
test auc: 0.8056261139180784
one epoch time: 30.39507746696472
epoch: 82
train auc: 0.9214783751174476
test auc: 0.8057246438650026
one epoch time: 29.885362148284912
epoch: 83
train auc: 0.9175017640774659
test auc: 0.8074305508554793
one epoch time: 29.996544122695923
epoch: 84
train auc: 0.9216643219254121
test auc: 0.806774951519735
one epoch time: 29.851759910583496
epoch: 85
train auc: 0.9234556065363888
test auc: 0.8064289686871926
one epoch time: 29.93446660041809
epoch: 86
train auc: 0.9221017556844296
test auc: 0.8044675900722619
one epoch time: 29.368858098983765
epoch: 87
train auc: 0.9237383532009664
test auc: 0.8094809448281342
one epoch time: 29.995651483535767
epoch: 88
train auc: 0.9219714429180896
test auc: 0.8069193133409254
one epoch time: 30.09546422958374
epoch: 89
train auc: 0.9242010784902123
test auc: 0.8045811030449628
one epoch time: 29.853134393692017
epoch: 90
train auc: 0.9248125593149921
test auc: 0.8048973405251857
one epoch time: 29.072773218154907
epoch: 91
train auc: 0.9264344370112537
test auc: 0.8085287011997211
one epoch time: 30.741697072982788
epoch: 92
train auc: 0.9270295021472387
test auc: 0.8061437762325562
one epoch time: 29.26975131034851
epoch: 93
train auc: 0.9282229365761829
test auc: 0.8071665700494465
one epoch time: 30.46815299987793
epoch: 94
train auc: 0.926632460313914
test auc: 0.8071466335519728
one epoch time: 30.37989330291748
epoch: 95
train auc: 0.9253747373406194
test auc: 0.8067528570741951
one epoch time: 29.642436265945435
epoch: 96
train auc: 0.9291912759083845
test auc: 0.8062850237423331
one epoch time: 29.79997944831848
epoch: 97
train auc: 0.9275841275865868
test auc: 0.8056545350749935
one epoch time: 29.76620650291443
epoch: 98
train auc: 0.9287598772119855
test auc: 0.8051401587268892
one epoch time: 30.579020738601685
epoch: 99
train auc: 0.9296308784682689
test auc: 0.8045062614824907
one epoch time: 30.80612826347351
epoch: 100
train auc: 0.9317881474293759
test auc: 0.8076725598266579
one epoch time: 30.065889358520508
epoch: 101
train auc: 0.9335241053251356
test auc: 0.8053601222968022
one epoch time: 29.915874242782593
epoch: 102
train auc: 0.9329803843999854
test auc: 0.8003195479687333
one epoch time: 28.34318995475769
epoch: 103
train auc: 0.9300973330758926
test auc: 0.8043715368611861
one epoch time: 30.151954412460327
epoch: 104
train auc: 0.932146117407433
test auc: 0.8040140531463373
one epoch time: 30.183525323867798
epoch: 105
train auc: 0.932168797459378
test auc: 0.8068204646062187
one epoch time: 29.373237133026123
epoch: 106
train auc: 0.9343252208747725
test auc: 0.8073901628956525
one epoch time: 29.319146394729614
epoch: 107
train auc: 0.9337499265402306
test auc: 0.8038785192945078
one epoch time: 29.842368125915527
epoch: 108
train auc: 0.9356224981898714
test auc: 0.8068198270306537
one epoch time: 30.27930760383606
epoch: 109
train auc: 0.93666022322617
test auc: 0.8038438204704915
one epoch time: 31.13418412208557
epoch: 110
train auc: 0.9358333065895665
test auc: 0.8052559522583418
one epoch time: 29.745098114013672
epoch: 111
train auc: 0.9360013392934527
test auc: 0.8069197547393934
one epoch time: 29.53676986694336
epoch: 112
train auc: 0.9359481686401846
test auc: 0.8069646547724493
one epoch time: 29.806681632995605
epoch: 113
train auc: 0.9345189002062395
test auc: 0.8058147627188968
one epoch time: 29.827924728393555
epoch: 114
train auc: 0.9332726199664477
test auc: 0.8051495507054037
one epoch time: 30.34452795982361
epoch: 115
train auc: 0.9364490231047325
test auc: 0.805973445468162
one epoch time: 29.609412908554077
epoch: 116
train auc: 0.9363844781896483
test auc: 0.8057178757551592
one epoch time: 29.978411197662354
epoch: 117
train auc: 0.9381679522512469
test auc: 0.804937605874327
one epoch time: 29.316561222076416
epoch: 118
train auc: 0.9398007344617065
test auc: 0.8056082127579851
one epoch time: 30.267405033111572
epoch: 119
train auc: 0.9385724463518683
test auc: 0.8061276651884723
one epoch time: 30.625255584716797
epoch: 120
train auc: 0.9389258207650923
test auc: 0.8051335867941424
one epoch time: 29.792320489883423
epoch: 121
train auc: 0.939069663855197
test auc: 0.8036747158129529
one epoch time: 29.825661659240723
epoch: 122
train auc: 0.9405913435883473
test auc: 0.8068814511612212
one epoch time: 30.208544731140137
epoch: 123
train auc: 0.9417324592791954
test auc: 0.80585951561913
one epoch time: 29.386279582977295
epoch: 124
train auc: 0.9409391479094772
test auc: 0.8061124369413244
one epoch time: 29.66359806060791
epoch: 125
train auc: 0.9436435661571638
test auc: 0.8056174821258143
one epoch time: 29.457823753356934
epoch: 126
train auc: 0.9430853085336908
test auc: 0.8056434020247437
one epoch time: 27.877217054367065
epoch: 127
train auc: 0.9416176402224268
test auc: 0.8086953291214112
one epoch time: 29.675000190734863
epoch: 128
train auc: 0.9419549938533286
test auc: 0.806519332762458
one epoch time: 29.376590967178345
epoch: 129
train auc: 0.943447872484216
test auc: 0.8035690744462656
one epoch time: 30.002601385116577
epoch: 130
train auc: 0.943313034217095
test auc: 0.8061089547978543
one epoch time: 29.138938903808594
epoch: 131
train auc: 0.9421964186511665
test auc: 0.8030193126543055
one epoch time: 30.61039710044861
epoch: 132
train auc: 0.9428743265662319
test auc: 0.8022042949051827
one epoch time: 30.739827871322632
epoch: 133
train auc: 0.9428328136157151
test auc: 0.8031237524362743
one epoch time: 30.80071210861206
epoch: 134
train auc: 0.9461469610868939
test auc: 0.8048315476313086
one epoch time: 29.735290050506592
epoch: 135
train auc: 0.9459070554050818
test auc: 0.8054083082962313
one epoch time: 29.36664080619812
epoch: 136
train auc: 0.9464590136333786
test auc: 0.8063491491308864
one epoch time: 29.525139331817627
epoch: 137
train auc: 0.9454950055334517
test auc: 0.8041244272854877
one epoch time: 29.88289737701416
epoch: 138
train auc: 0.9477006330213804
test auc: 0.8039796240658291
one epoch time: 29.35901141166687
epoch: 139
train auc: 0.9439298558334368
test auc: 0.8021671929117292
one epoch time: 30.65400981903076
epoch: 140
train auc: 0.9449329580817385
test auc: 0.8012229435000152
one epoch time: 30.48616600036621
epoch: 141
train auc: 0.9446094914643179
test auc: 0.7994598018415144
one epoch time: 30.452499389648438
epoch: 142
train auc: 0.9471310950856154
test auc: 0.806115943606932
one epoch time: 31.177576541900635
epoch: 143
train auc: 0.9471973581623261
test auc: 0.8061830116519387
one epoch time: 29.93050527572632
epoch: 144
train auc: 0.9470159894031818
test auc: 0.8043461809714102
one epoch time: 30.04271626472473
epoch: 145
train auc: 0.9501688191728647
test auc: 0.8038303332950788
one epoch time: 30.006596088409424
epoch: 146
train auc: 0.9485337582883663
test auc: 0.8069444240093301
one epoch time: 29.527003049850464
epoch: 147
train auc: 0.9503135603567201
test auc: 0.8098839906737408
one epoch time: 29.151190519332886
epoch: 148
train auc: 0.9500292961684815
test auc: 0.8061374249990436
one epoch time: 30.08213710784912
epoch: 149
train auc: 0.9491799192262761
test auc: 0.8049613678251905
one epoch time: 30.360105276107788
epoch: 150
train auc: 0.9494928762359709
test auc: 0.8045027302947463
one epoch time: 28.117072105407715
epoch: 151
train auc: 0.9511058653518804
test auc: 0.8016187798373103
one epoch time: 27.498379707336426
epoch: 152
train auc: 0.9505953818573449
test auc: 0.8032391781356701
one epoch time: 30.28489327430725
epoch: 153
train auc: 0.9504485610450517
test auc: 0.8039111337368697
one epoch time: 29.46893858909607
epoch: 154
train auc: 0.9520223811714403
test auc: 0.8020713358777503
one epoch time: 30.11819839477539
epoch: 155
train auc: 0.9511783227276902
test auc: 0.8046611923447773
one epoch time: 30.817124366760254
epoch: 156
train auc: 0.9506937963718727
test auc: 0.8033662273280582
one epoch time: 29.564044952392578
epoch: 157
train auc: 0.9495618861419737
test auc: 0.8046345367817344
one epoch time: 27.992359399795532
epoch: 158
train auc: 0.9514479897077437
test auc: 0.8022823243454796
one epoch time: 31.925922632217407
epoch: 159
train auc: 0.9531114934124234
test auc: 0.8059807040207477
one epoch time: 29.666002988815308
epoch: 160
train auc: 0.9490110998941749
test auc: 0.8017795224460929
one epoch time: 30.017673015594482
epoch: 161
train auc: 0.9532700849853696
test auc: 0.8031745377822375
one epoch time: 30.400447607040405
epoch: 162
train auc: 0.950372375943229
test auc: 0.8037220925818573
one epoch time: 30.060811281204224
epoch: 163
train auc: 0.9536088048652758
test auc: 0.8070271371778159
one epoch time: 29.671172857284546
epoch: 164
train auc: 0.9536058064423443
test auc: 0.8012763527146496
one epoch time: 29.77703857421875
epoch: 165
train auc: 0.9529955358148179
test auc: 0.8047083238923106
one epoch time: 30.184237003326416
epoch: 166
train auc: 0.9533516522802399
test auc: 0.8030255167549956
one epoch time: 30.079177618026733
epoch: 167
train auc: 0.9539328670271342
test auc: 0.8039728559559858
one epoch time: 30.66623091697693
epoch: 168
train auc: 0.9549750920863772
test auc: 0.8058558372985629
one epoch time: 29.518402814865112
epoch: 169
train auc: 0.9537531702510369
test auc: 0.8052496010248291
one epoch time: 29.189836263656616
epoch: 170
train auc: 0.9553363614443142
test auc: 0.8045608232375694
one epoch time: 28.94548988342285
epoch: 171
train auc: 0.9547393759163721
test auc: 0.8055876632070835
one epoch time: 30.140417337417603
epoch: 172
train auc: 0.9560891678304385
test auc: 0.8023032172063007
one epoch time: 29.738818645477295
epoch: 173
train auc: 0.9547589715576861
test auc: 0.801039910268596
one epoch time: 30.09341812133789
epoch: 174
train auc: 0.9549589885010847
test auc: 0.8020451707574496
one epoch time: 30.57972025871277
epoch: 175
train auc: 0.9545392793547332
test auc: 0.8024287950704618
one epoch time: 29.934549570083618
epoch: 176
train auc: 0.9572130589111697
test auc: 0.8035605162204129
one epoch time: 30.48352313041687
epoch: 177
train auc: 0.9564085898412497
test auc: 0.8047531013146808
one epoch time: 29.68521499633789
epoch: 178
train auc: 0.9563567201500287
test auc: 0.8034986468684742
one epoch time: 30.22415781021118
epoch: 179
train auc: 0.9563130081437134
test auc: 0.8046522172425936
one epoch time: 29.550493240356445
epoch: 180
train auc: 0.9574842402301549
test auc: 0.803441265067627
one epoch time: 29.751587629318237
epoch: 181
train auc: 0.9563560625033632
test auc: 0.8060476494550692
one epoch time: 27.331873893737793
epoch: 182
train auc: 0.9576271406402935
test auc: 0.8027862542631735
one epoch time: 28.50098443031311
epoch: 183
train auc: 0.957402835356495
test auc: 0.8066077595888913
one epoch time: 30.007906198501587
epoch: 184
train auc: 0.9570651552908078
test auc: 0.8028152639513795
one epoch time: 29.816372394561768
epoch: 185
train auc: 0.9585860149560825
test auc: 0.8026876507498379
one epoch time: 29.652117013931274
epoch: 186
train auc: 0.9574390457322046
test auc: 0.8027903249379345
one epoch time: 30.258669137954712
epoch: 187
train auc: 0.9587878535648202
test auc: 0.8053608334387786
one epoch time: 31.175801277160645
epoch: 188
train auc: 0.9587911752378074
test auc: 0.8058008341450161
one epoch time: 30.111132621765137
epoch: 189
train auc: 0.9566615178824527
test auc: 0.8060111114707691
one epoch time: 29.462674140930176
epoch: 190
train auc: 0.9577694869074793
test auc: 0.8043250919334921
one epoch time: 29.61845827102661
epoch: 191
train auc: 0.9592534148557873
test auc: 0.8041973315991278
one epoch time: 29.944713830947876
epoch: 192
train auc: 0.9574398928702816
test auc: 0.8100752142989562
one epoch time: 29.361703157424927
epoch: 193
train auc: 0.9581336766624723
test auc: 0.8074098051274807
one epoch time: 29.33572554588318
epoch: 194
train auc: 0.9610316675531839
test auc: 0.8054009271329601
one epoch time: 28.66518521308899
epoch: 195
train auc: 0.9583847209361092
test auc: 0.80638259732591
one epoch time: 30.83543038368225
epoch: 196
train auc: 0.9591398856145122
test auc: 0.8049686999441876
one epoch time: 30.65719246864319
epoch: 197
train auc: 0.9593482338105808
test auc: 0.8013394481734439
one epoch time: 29.55308198928833
epoch: 198
train auc: 0.9609538391308804
test auc: 0.8036007815695542
one epoch time: 29.95029926300049
epoch: 199
train auc: 0.9593143801347853
test auc: 0.8040684922907305
one epoch time: 30.733114004135132
epoch: 200
train auc: 0.9579168570856312
test auc: 0.8048596990447157
one epoch time: 31.017292261123657
/home/dsi/speingi/anaconda3/envs/tf_gpu/lib/python3.6/site-packages/sklearn/externals/joblib/externals/cloudpickle/cloudpickle.py:47: DeprecationWarning: the imp module is deprecated in favour of importlib; see the module's documentation for alternative uses
  import imp
/home/dsi/speingi/anaconda3/envs/tf_gpu/lib/python3.6/site-packages/torch/nn/functional.py:1006: UserWarning: nn.functional.sigmoid is deprecated. Use torch.sigmoid instead.
  warnings.warn("nn.functional.sigmoid is deprecated. Use torch.sigmoid instead.")
/home/dsi/speingi/anaconda3/envs/tf_gpu/lib/python3.6/site-packages/torch/nn/functional.py:1594: UserWarning: Using a target size (torch.Size([50])) that is different to the input size (torch.Size([50, 1])) is deprecated. Please ensure they have the same size.
  "Please ensure they have the same size.".format(target.size(), input.size()))
/home/dsi/speingi/anaconda3/envs/tf_gpu/lib/python3.6/site-packages/torch/nn/functional.py:1594: UserWarning: Using a target size (torch.Size([48])) that is different to the input size (torch.Size([48, 1])) is deprecated. Please ensure they have the same size.
  "Please ensure they have the same size.".format(target.size(), input.size()))
epoch: 1
train auc: 0.6357493624586086
test auc: 0.6237143240504257
one epoch time: 32.90736675262451
epoch: 2
train auc: 0.6821397818168581
test auc: 0.665656022726776
one epoch time: 27.93928575515747
epoch: 3
train auc: 0.70372441445074
test auc: 0.6825626577393119
one epoch time: 28.57740569114685
epoch: 4
train auc: 0.7195473773950871
test auc: 0.7009349548924662
one epoch time: 27.89723825454712
epoch: 5
train auc: 0.7247220592970323
test auc: 0.7101806436657773
one epoch time: 29.171082735061646
epoch: 6
train auc: 0.7370046399547148
test auc: 0.7206143306847628
one epoch time: 28.73788285255432
epoch: 7
train auc: 0.7397565168041772
test auc: 0.7270417917557038
one epoch time: 29.99755096435547
epoch: 8
train auc: 0.7572100717450574
test auc: 0.7425430993557541
one epoch time: 29.456996202468872
epoch: 9
train auc: 0.7580694965009618
test auc: 0.742482863944046
one epoch time: 29.553936004638672
epoch: 10
train auc: 0.766315778644203
test auc: 0.7462691040109136
one epoch time: 29.26492404937744
epoch: 11
train auc: 0.7740188454388244
test auc: 0.7501086025106397
one epoch time: 29.440738677978516
epoch: 12
train auc: 0.7793113886680639
test auc: 0.7519425051257207
one epoch time: 28.958461046218872
epoch: 13
train auc: 0.7790919106529781
test auc: 0.7516696084191725
one epoch time: 28.388823747634888
epoch: 14
train auc: 0.7875953120297179
test auc: 0.7573276403172245
one epoch time: 29.2619366645813
epoch: 15
train auc: 0.7888745230301644
test auc: 0.758835387792899
one epoch time: 28.63249158859253
epoch: 16
train auc: 0.7949752223934002
test auc: 0.7634250480790812
one epoch time: 29.721468925476074
epoch: 17
train auc: 0.7973862935309
test auc: 0.7647758011160782
one epoch time: 29.141807317733765
epoch: 18
train auc: 0.8003468763027951
test auc: 0.7654102592675136
one epoch time: 29.256063222885132
epoch: 19
train auc: 0.8048484666855393
test auc: 0.7657401387728542
one epoch time: 29.742071390151978
epoch: 20
train auc: 0.809540766120435
test auc: 0.768989126639168
one epoch time: 29.982314586639404
epoch: 21
train auc: 0.8121934514710814
test auc: 0.7718214324447692
one epoch time: 29.318899869918823
epoch: 22
train auc: 0.8159602492734932
test auc: 0.7718276397213262
one epoch time: 29.317333698272705
epoch: 23
train auc: 0.8183113207913415
test auc: 0.7724642828341094
one epoch time: 28.982656955718994
epoch: 24
train auc: 0.8224026383999083
test auc: 0.7730061780775279
one epoch time: 34.38011074066162
epoch: 25
train auc: 0.8250370713466185
test auc: 0.7782616556763112
one epoch time: 36.28803896903992
epoch: 26
train auc: 0.831915400888642
test auc: 0.777626477480795
one epoch time: 36.309852600097656
epoch: 27
train auc: 0.8307928605877546
test auc: 0.7770010571240267
one epoch time: 36.304577112197876
epoch: 28
train auc: 0.836081745400379
test auc: 0.7813510668768996
one epoch time: 36.577993869781494
epoch: 29
train auc: 0.8386651573230087
test auc: 0.781331576028511
one epoch time: 36.403902769088745
epoch: 30
train auc: 0.839911312426344
test auc: 0.7824377375400593
one epoch time: 35.81511330604553
epoch: 31
train auc: 0.844618447097726
test auc: 0.7812971877163857
one epoch time: 36.397356033325195
epoch: 32
train auc: 0.8467546576651016
test auc: 0.780814733353276
one epoch time: 36.41090393066406
epoch: 33
train auc: 0.84877796203606
test auc: 0.7841648005110426
one epoch time: 36.6833701133728
epoch: 34
train auc: 0.8466398341726884
test auc: 0.7831809223476656
one epoch time: 36.418200969696045
epoch: 35
train auc: 0.855700630635158
test auc: 0.787951959254841
one epoch time: 36.40357232093811
epoch: 36
train auc: 0.8580007033492436
test auc: 0.7857516286900522
one epoch time: 36.33928179740906
epoch: 37
train auc: 0.8569463111759912
test auc: 0.7861214830564193
one epoch time: 36.336479902267456
epoch: 38
train auc: 0.8572317771863851
test auc: 0.7884377407181848
one epoch time: 36.43975877761841
epoch: 39
train auc: 0.8634261955015874
test auc: 0.7865456386781063
one epoch time: 35.90506911277771
epoch: 40
train auc: 0.863736713333175
test auc: 0.7887889980839876
one epoch time: 36.356746673583984
epoch: 41
train auc: 0.8692314090782511
test auc: 0.7915940167018446
one epoch time: 36.61719369888306
epoch: 42
train auc: 0.8706198678584998
test auc: 0.791682954560352
one epoch time: 36.440619230270386
epoch: 43
train auc: 0.8703664514822519
test auc: 0.7904077316644995
one epoch time: 36.609158992767334
epoch: 44
train auc: 0.8735792967610329
test auc: 0.7902641201140788
one epoch time: 36.29724907875061
epoch: 45
train auc: 0.8729463986224647
test auc: 0.7894344555294817
one epoch time: 35.847241163253784
epoch: 46
train auc: 0.8772398163704046
test auc: 0.7904028651596791
one epoch time: 36.53813052177429
epoch: 47
train auc: 0.8795357783256907
test auc: 0.7935287006591034
one epoch time: 35.84146595001221
epoch: 48
train auc: 0.882809669166227
test auc: 0.7917172435560523
one epoch time: 36.39591956138611
epoch: 49
train auc: 0.8827714232377359
test auc: 0.7898176927841055
one epoch time: 36.34612727165222
epoch: 50
train auc: 0.884561572987981
test auc: 0.7923691069109532
one epoch time: 36.50147533416748
epoch: 51
train auc: 0.885983947909074
test auc: 0.7922438937282472
one epoch time: 36.271127462387085
epoch: 52
train auc: 0.8892999621235637
test auc: 0.7937045155603016
one epoch time: 36.23677968978882
epoch: 53
train auc: 0.8908964745011997
test auc: 0.7958890548135295
one epoch time: 36.47329521179199
epoch: 54
train auc: 0.8928516053498742
test auc: 0.7944933610942604
one epoch time: 36.1169331073761
epoch: 55
train auc: 0.8908073376962038
test auc: 0.7959420401262193
one epoch time: 36.45120024681091
epoch: 56
train auc: 0.8936924650302271
test auc: 0.793726911414119
one epoch time: 36.946974992752075
epoch: 57
train auc: 0.8960785192641759
test auc: 0.7951750442057407
one epoch time: 36.2596549987793
epoch: 58
train auc: 0.899098822314584
test auc: 0.796343253653752
one epoch time: 36.65892052650452
epoch: 59
train auc: 0.8979658733819564
test auc: 0.7930368857229462
one epoch time: 36.92767953872681
epoch: 60
train auc: 0.9018008145505068
test auc: 0.7923812483438987
one epoch time: 36.51996922492981
epoch: 61
train auc: 0.9040345786618409
test auc: 0.7969784318492679
one epoch time: 35.86536931991577
epoch: 62
train auc: 0.902123390078851
test auc: 0.7948717070149576
one epoch time: 36.42961239814758
epoch: 63
train auc: 0.9033094598555945
test auc: 0.7961534847948539
one epoch time: 36.925254344940186
epoch: 64
train auc: 0.9044773042102167
test auc: 0.7951192035458348
one epoch time: 36.3806254863739
epoch: 65
train auc: 0.9039450831574287
test auc: 0.7932427438426795
one epoch time: 35.22422957420349
epoch: 66
train auc: 0.9073566701332584
test auc: 0.7966474598632534
one epoch time: 35.5022132396698
epoch: 67
train auc: 0.9095528231823256
test auc: 0.7960413068929175
one epoch time: 36.281739473342896
epoch: 68
train auc: 0.9100259064463607
test auc: 0.7943613199073416
one epoch time: 36.02253603935242
epoch: 69
train auc: 0.9136383508109306
test auc: 0.7984743606703778
one epoch time: 36.58181953430176
epoch: 70
train auc: 0.9131661039831453
test auc: 0.798446676216934
one epoch time: 36.0519015789032
epoch: 71
train auc: 0.9112608704453351
test auc: 0.7953907098224341
one epoch time: 35.8842089176178
epoch: 72
train auc: 0.9155239257161187
test auc: 0.8002740487770772
one epoch time: 35.8941125869751
epoch: 73
train auc: 0.9162420816270551
test auc: 0.8031073725760337
one epoch time: 36.75732398033142
epoch: 74
train auc: 0.9173738243138572
test auc: 0.7947588835562589
one epoch time: 36.066218852996826
epoch: 75
train auc: 0.9187299636418146
test auc: 0.7971822043240782
one epoch time: 36.162981033325195
epoch: 76
train auc: 0.920987990753059
test auc: 0.8001146459150956
one epoch time: 35.96126341819763
epoch: 77
train auc: 0.9198636014042949
test auc: 0.7977378300632407
one epoch time: 36.054680585861206
epoch: 78
train auc: 0.9240262859122516
test auc: 0.7991237162855498
one epoch time: 36.41372537612915
epoch: 79
train auc: 0.9238232668040193
test auc: 0.798875276248636
one epoch time: 36.70008325576782
epoch: 80
train auc: 0.923786795326624
test auc: 0.7968090725156891
one epoch time: 36.28594398498535
epoch: 81
train auc: 0.9263413621023725
test auc: 0.794900459119969
one epoch time: 36.17539381980896
epoch: 82
train auc: 0.9229930030409426
test auc: 0.7999464535495094
one epoch time: 36.537548303604126
epoch: 83
train auc: 0.9271867531403982
test auc: 0.7974709916586121
one epoch time: 36.65153241157532
epoch: 84
train auc: 0.9265312680487509
test auc: 0.7959911520983376
one epoch time: 36.64564895629883
epoch: 85
train auc: 0.9264393648141844
test auc: 0.7959272171498014
one epoch time: 36.60064220428467
epoch: 86
train auc: 0.9298219399907492
test auc: 0.7961632674627077
one epoch time: 36.542964696884155
epoch: 87
train auc: 0.9298393273894555
test auc: 0.7959111527180721
one epoch time: 35.125159740448
epoch: 88
train auc: 0.9303311725375714
test auc: 0.795870035718159
one epoch time: 36.400898694992065
epoch: 89
train auc: 0.9296314848850874
test auc: 0.7952359003451047
one epoch time: 36.11637043952942
epoch: 90
train auc: 0.9294467007219701
test auc: 0.7956901736726458
one epoch time: 36.70853352546692
epoch: 91
train auc: 0.9317173537352419
test auc: 0.7985445525536835
one epoch time: 36.03425121307373
epoch: 92
train auc: 0.9318221812589605
test auc: 0.7969041679925409
one epoch time: 36.850605487823486
epoch: 93
train auc: 0.9334294450960976
test auc: 0.7963209571163595
one epoch time: 37.1495304107666
epoch: 94
train auc: 0.9336556526931564
test auc: 0.7977960543173446
one epoch time: 36.95974802970886
epoch: 95
train auc: 0.9342477511538478
test auc: 0.7985172653659394
one epoch time: 36.79247450828552
epoch: 96
train auc: 0.9343822554992011
test auc: 0.7994363643911684
one epoch time: 36.80033802986145
epoch: 97
train auc: 0.9345418370603964
test auc: 0.8006439776307631
one epoch time: 36.250542402267456
epoch: 98
train auc: 0.9355540058682654
test auc: 0.7969136030529075
one epoch time: 36.65645909309387
epoch: 99
train auc: 0.9364034140223226
test auc: 0.7967763974118934
one epoch time: 36.71574807167053
epoch: 100
train auc: 0.9358633126925309
test auc: 0.7962988343827108
one epoch time: 36.80018210411072
epoch: 101
train auc: 0.9368579369723034
test auc: 0.7962979157057803
one epoch time: 36.72120809555054
epoch: 102
train auc: 0.9369025633063441
test auc: 0.7983295573228584
one epoch time: 37.1421959400177
epoch: 103
train auc: 0.9370398547144201
test auc: 0.7966706999066824
one epoch time: 36.6839234828949
epoch: 104
train auc: 0.9361177115242603
test auc: 0.7972743451372891
one epoch time: 36.62945222854614
epoch: 105
train auc: 0.9390733121834635
test auc: 0.7998122025721365
one epoch time: 36.21709728240967
epoch: 106
train auc: 0.9411900720369055
test auc: 0.7968597487214997
one epoch time: 36.607521533966064
epoch: 107
train auc: 0.9403874059085799
test auc: 0.7976799037584117
one epoch time: 35.184858083724976
epoch: 108
train auc: 0.9402985373345636
test auc: 0.7947058485853568
one epoch time: 36.34703350067139
epoch: 109
train auc: 0.9429743841922222
test auc: 0.7975259881289064
one epoch time: 36.06263709068298
epoch: 110
train auc: 0.9430993528468927
test auc: 0.7980529859085883
one epoch time: 36.19642663002014
epoch: 111
train auc: 0.9408686122859498
test auc: 0.7983724371893135
one epoch time: 35.954561948776245
epoch: 112
train auc: 0.9430841636724868
test auc: 0.798861868531273
one epoch time: 35.747355222702026
epoch: 113
train auc: 0.9443039035794129
test auc: 0.7980194169569687
one epoch time: 36.42156672477722
epoch: 114
train auc: 0.9445267019448496
test auc: 0.797880721569581
one epoch time: 36.17902946472168
epoch: 115
train auc: 0.9453264413398831
test auc: 0.799291362410799
one epoch time: 36.43414568901062
epoch: 116
train auc: 0.9439611758099576
test auc: 0.7979540419202711
one epoch time: 36.424776554107666
epoch: 117
train auc: 0.9452001347046457
test auc: 0.7963338434224916
one epoch time: 36.387109994888306
epoch: 118
train auc: 0.9462564870273644
test auc: 0.7985625784848048
one epoch time: 36.0316858291626
epoch: 119
train auc: 0.9448283316493031
test auc: 0.7961697975176456
one epoch time: 36.59184908866882
epoch: 120
train auc: 0.9468149836059924
test auc: 0.796408380399387
one epoch time: 37.0603768825531
epoch: 121
train auc: 0.9462352301190238
test auc: 0.7945122063858873
one epoch time: 36.81089210510254
epoch: 122
train auc: 0.9475452781591286
test auc: 0.7957869823578276
one epoch time: 36.90044593811035
epoch: 123
train auc: 0.947588791890112
test auc: 0.7958915377241522
one epoch time: 36.67997121810913
epoch: 124
train auc: 0.9505543155083942
test auc: 0.7949125757238082
one epoch time: 36.75874304771423
epoch: 125
train auc: 0.949035850409989
test auc: 0.7952986186674357
one epoch time: 36.59240245819092
epoch: 126
train auc: 0.9477685574357299
test auc: 0.7963308391006381
one epoch time: 36.48013377189636
epoch: 127
train auc: 0.9468656713253054
test auc: 0.7942895637903439
one epoch time: 36.019676208496094
epoch: 128
train auc: 0.9449683355233203
test auc: 0.7957913274514172
one epoch time: 36.597171783447266
epoch: 129
train auc: 0.9506604492693687
test auc: 0.7961388852803921
one epoch time: 36.51099705696106
epoch: 130
train auc: 0.9480096447099104
test auc: 0.7950128853129679
one epoch time: 36.50870180130005
epoch: 131
train auc: 0.9506406557276739
test auc: 0.7961185750714979
one epoch time: 36.94094109535217
epoch: 132
train auc: 0.9506709372593867
test auc: 0.7936362355181755
one epoch time: 36.0162672996521
epoch: 133
train auc: 0.9509523448874447
test auc: 0.7972388643444899
one epoch time: 36.06758451461792
epoch: 134
train auc: 0.9531659662806613
test auc: 0.7975808852827757
one epoch time: 36.82142162322998
epoch: 135
train auc: 0.9504773998782079
test auc: 0.7950465784101189
one epoch time: 36.791937828063965
epoch: 136
train auc: 0.9522357602894587
test auc: 0.7961536585985975
one epoch time: 36.792102336883545
epoch: 137
train auc: 0.9523721343158409
test auc: 0.7997036497197092
one epoch time: 36.171913623809814
epoch: 138
train auc: 0.9532734507195267
test auc: 0.7959568879317434
one epoch time: 37.062883615493774
epoch: 139
train auc: 0.9538550405570478
test auc: 0.7962548372064752
one epoch time: 36.44276404380798
epoch: 140
train auc: 0.9535351203566849
test auc: 0.798394088169944
one epoch time: 36.82778215408325
epoch: 141
train auc: 0.9552588043747883
test auc: 0.7961324545418792
one epoch time: 35.84561228752136
epoch: 142
train auc: 0.9535202565512186
test auc: 0.79303534631836
one epoch time: 36.29840588569641
epoch: 143
train auc: 0.9547811294407889
test auc: 0.7963664192098625
one epoch time: 36.97069215774536
epoch: 144
train auc: 0.9534696846949915
test auc: 0.7972631968685929
one epoch time: 36.80822730064392
epoch: 145
train auc: 0.9555644194519621
test auc: 0.7976114747416482
one epoch time: 36.409019470214844
epoch: 146
train auc: 0.9543404068953493
test auc: 0.8006702219960457
one epoch time: 35.87444829940796
epoch: 147
train auc: 0.956286233779513
test auc: 0.7981863926963496
one epoch time: 35.75967049598694
epoch: 148
train auc: 0.9566513532806841
test auc: 0.7984098298232923
one epoch time: 35.66650605201721
epoch: 149
train auc: 0.9563726200265942
test auc: 0.7928398419359235
one epoch time: 36.359118700027466
epoch: 150
train auc: 0.9569033872357295
test auc: 0.7983785948076578
one epoch time: 36.10052943229675
epoch: 151
train auc: 0.9565857414436135
test auc: 0.792649576494901
one epoch time: 35.88438868522644
epoch: 152
train auc: 0.9565004820840799
test auc: 0.7945082833871031
one epoch time: 36.40416121482849
epoch: 153
train auc: 0.957711705260613
test auc: 0.7945114615127004
one epoch time: 36.57470750808716
epoch: 154
train auc: 0.9576596192484418
test auc: 0.792100009057658
one epoch time: 36.36738133430481
epoch: 155
train auc: 0.9582178983853883
test auc: 0.7944825107748389
one epoch time: 36.60515999794006
epoch: 156
train auc: 0.9583360247693311
test auc: 0.7942196201981004
one epoch time: 36.36237955093384
epoch: 157
train auc: 0.957384522190649
test auc: 0.7951680175686783
one epoch time: 36.56335234642029
epoch: 158
train auc: 0.9584254980534255
test auc: 0.7969565822357876
one epoch time: 36.77850079536438
epoch: 159
train auc: 0.9566505549364075
test auc: 0.7963698952847342
one epoch time: 36.65824866294861
epoch: 160
train auc: 0.9569475532917581
test auc: 0.7976805244860673
one epoch time: 36.82916188240051
epoch: 161
train auc: 0.9586179736208448
test auc: 0.7963706649870274
one epoch time: 36.8541944026947
epoch: 162
train auc: 0.9595062514594582
test auc: 0.7980461827334819
one epoch time: 36.7877779006958
epoch: 163
train auc: 0.9543787559896018
test auc: 0.7959117982748339
one epoch time: 36.31129479408264
epoch: 164
train auc: 0.961136981539395
test auc: 0.799302485850389
one epoch time: 36.304455280303955
epoch: 165
train auc: 0.9598269239762964
test auc: 0.7961409709253152
one epoch time: 36.346590995788574
epoch: 166
train auc: 0.9608054813791086
test auc: 0.8007376826776661
one epoch time: 35.7337281703949
epoch: 167
train auc: 0.9605266306747671
test auc: 0.7943626855081843
one epoch time: 35.55664920806885
epoch: 168
train auc: 0.9610839210075702
test auc: 0.7981701544608768
one epoch time: 35.831172466278076
epoch: 169
train auc: 0.9603251050893267
test auc: 0.7964052519320023
one epoch time: 36.31752610206604
epoch: 170
train auc: 0.9621537213840756
test auc: 0.7986358740063888
one epoch time: 36.83153200149536
epoch: 171
train auc: 0.9612325828697152
test auc: 0.7968947329321744
one epoch time: 36.40442228317261
epoch: 172
train auc: 0.9622463420174747
test auc: 0.7944928645121359
one epoch time: 35.80980825424194
epoch: 173
train auc: 0.9601433793942429
test auc: 0.7981282925877768
one epoch time: 36.248281717300415
epoch: 174
train auc: 0.9626291187354967
test auc: 0.7967203581191377
one epoch time: 36.687665939331055
epoch: 175
train auc: 0.9624589063393828
test auc: 0.7966486516603521
one epoch time: 36.07593536376953
epoch: 176
train auc: 0.9613522519785822
test auc: 0.7968781719183207
one epoch time: 36.316712379455566
epoch: 177
train auc: 0.9628299189862766
test auc: 0.7944546028594391
one epoch time: 35.97588920593262
epoch: 178
train auc: 0.9612547222421068
test auc: 0.7977263838452697
one epoch time: 36.57908654212952
epoch: 179
train auc: 0.9615305113040835
test auc: 0.7963607333445363
one epoch time: 36.7106716632843
epoch: 180
train auc: 0.9622706335863654
test auc: 0.7920534793125873
one epoch time: 36.44669485092163
epoch: 181
train auc: 0.9627227757880065
test auc: 0.7966216375927764
one epoch time: 36.79411554336548
epoch: 182
train auc: 0.9632514796819143
test auc: 0.798365956792588
one epoch time: 36.578853130340576
epoch: 183
train auc: 0.962790619179854
test auc: 0.7977689657624502
one epoch time: 36.25952339172363
epoch: 184
train auc: 0.964835731205602
test auc: 0.7980266422268809
one epoch time: 36.61292839050293
epoch: 185
train auc: 0.9642977566776603
test auc: 0.7956367166069378
one epoch time: 36.581841707229614
epoch: 186
train auc: 0.9645281004281675
test auc: 0.7963349110740594
one epoch time: 36.71427297592163
epoch: 187
train auc: 0.9646839505631319
test auc: 0.7966202471628276
one epoch time: 37.5154550075531
epoch: 188
train auc: 0.963336929501315
test auc: 0.7963494857594151
one epoch time: 36.33181023597717
epoch: 189
train auc: 0.9649759525213009
test auc: 0.797155463376671
one epoch time: 37.81773018836975
epoch: 190
train auc: 0.9650408056932339
test auc: 0.7951138156297833
one epoch time: 36.52670383453369
epoch: 191
train auc: 0.9644457773249191
test auc: 0.7979980639256128
one epoch time: 35.758527994155884
epoch: 192
train auc: 0.966312038012412
test auc: 0.7963081204684399
one epoch time: 36.192771196365356
epoch: 193
train auc: 0.9654995870084112
test auc: 0.795430287417761
one epoch time: 37.403512477874756
epoch: 194
train auc: 0.9646727197796321
test auc: 0.7953808278381556
one epoch time: 36.104002714157104
epoch: 195
train auc: 0.9660662305078572
test auc: 0.7961862343859684
one epoch time: 36.59426283836365
epoch: 196
train auc: 0.965088858717718
test auc: 0.7957334259756944
one epoch time: 37.732205867767334
epoch: 197
train auc: 0.9657700796989155
test auc: 0.79614258481722
one epoch time: 37.91376352310181
epoch: 198
train auc: 0.9667178476770357
test auc: 0.79885412185013
one epoch time: 36.67508244514465
epoch: 199
train auc: 0.9654918717966258
test auc: 0.7942291297457857
one epoch time: 36.33853054046631
epoch: 200
train auc: 0.9646361276776544
test auc: 0.7968201462970665
one epoch time: 36.574708461761475
/home/dsi/speingi/anaconda3/envs/tf_gpu/lib/python3.6/site-packages/sklearn/externals/joblib/externals/cloudpickle/cloudpickle.py:47: DeprecationWarning: the imp module is deprecated in favour of importlib; see the module's documentation for alternative uses
  import imp
/home/dsi/speingi/anaconda3/envs/tf_gpu/lib/python3.6/site-packages/torch/nn/functional.py:1006: UserWarning: nn.functional.sigmoid is deprecated. Use torch.sigmoid instead.
  warnings.warn("nn.functional.sigmoid is deprecated. Use torch.sigmoid instead.")
/home/dsi/speingi/anaconda3/envs/tf_gpu/lib/python3.6/site-packages/torch/nn/functional.py:1594: UserWarning: Using a target size (torch.Size([50])) that is different to the input size (torch.Size([50, 1])) is deprecated. Please ensure they have the same size.
  "Please ensure they have the same size.".format(target.size(), input.size()))
/home/dsi/speingi/anaconda3/envs/tf_gpu/lib/python3.6/site-packages/torch/nn/functional.py:1594: UserWarning: Using a target size (torch.Size([16])) that is different to the input size (torch.Size([16, 1])) is deprecated. Please ensure they have the same size.
  "Please ensure they have the same size.".format(target.size(), input.size()))
epoch: 1
train auc: 0.6250795025629793
test auc: 0.6234161495507032
one epoch time: 43.27631664276123
epoch: 2
train auc: 0.6980425303089706
test auc: 0.6952757518101581
one epoch time: 39.12913751602173
epoch: 3
train auc: 0.7075869945842317
test auc: 0.7057261439791241
one epoch time: 39.449866771698
epoch: 4
train auc: 0.7199639607986827
test auc: 0.7196982854786738
one epoch time: 37.95422005653381
epoch: 5
train auc: 0.7257180218407642
test auc: 0.725823744448089
one epoch time: 37.917945861816406
epoch: 6
train auc: 0.7312652747123367
test auc: 0.7284194103970264
one epoch time: 37.721296548843384
epoch: 7
train auc: 0.7346558330048434
test auc: 0.7329551185302005
one epoch time: 39.06716012954712
epoch: 8
train auc: 0.741394705700716
test auc: 0.7362418609961628
one epoch time: 38.87106943130493
epoch: 9
train auc: 0.7435411484129808
test auc: 0.7381527794756099
one epoch time: 38.94137501716614
epoch: 10
train auc: 0.7461366526158539
test auc: 0.7394742392131849
one epoch time: 38.48968458175659
epoch: 11
train auc: 0.7514507735460398
test auc: 0.7464825624906452
one epoch time: 38.73025417327881
epoch: 12
train auc: 0.7622310794936203
test auc: 0.757057241015375
one epoch time: 38.1692328453064
epoch: 13
train auc: 0.7672802993954927
test auc: 0.7597643082870481
one epoch time: 38.686416149139404
epoch: 14
train auc: 0.7755045686138409
test auc: 0.7648813810415424
one epoch time: 38.106160402297974
epoch: 15
train auc: 0.7836486190299035
test auc: 0.7720403911240429
one epoch time: 36.96016263961792
epoch: 16
train auc: 0.790274506161062
test auc: 0.7785407516023836
one epoch time: 38.08436179161072
epoch: 17
train auc: 0.7880421779761517
test auc: 0.7795405646055051
one epoch time: 37.017826557159424
epoch: 18
train auc: 0.7978719584716039
test auc: 0.783798072015786
one epoch time: 37.03257346153259
epoch: 19
train auc: 0.801791126669663
test auc: 0.7846375407429282
one epoch time: 38.93420910835266
epoch: 20
train auc: 0.8053618231004145
test auc: 0.7874397202349182
one epoch time: 38.952645778656006
epoch: 21
train auc: 0.809774484923697
test auc: 0.7861325828041139
one epoch time: 38.823195695877075
epoch: 22
train auc: 0.8074372885528756
test auc: 0.786334608018636
one epoch time: 38.327582597732544
epoch: 23
train auc: 0.812218483168446
test auc: 0.7863988818918033
one epoch time: 37.87737274169922
epoch: 24
train auc: 0.8123836277143288
test auc: 0.7876873851946079
one epoch time: 37.955684185028076
epoch: 25
train auc: 0.8247439654767215
test auc: 0.7914557656563994
one epoch time: 38.225576400756836
epoch: 26
train auc: 0.8251491687728212
test auc: 0.7913648391806672
one epoch time: 38.56061887741089
epoch: 27
train auc: 0.8247664740479399
test auc: 0.791244007324952
one epoch time: 37.94037699699402
epoch: 28
train auc: 0.8257195893455062
test auc: 0.7914639102076089
one epoch time: 38.39199995994568
epoch: 29
train auc: 0.8304739716296125
test auc: 0.7955278143231943
one epoch time: 39.68140435218811
epoch: 30
train auc: 0.8349699828375781
test auc: 0.7965075559245735
one epoch time: 38.71404480934143
epoch: 31
train auc: 0.8341335323295941
test auc: 0.7966770785802438
one epoch time: 35.710613489151
epoch: 32
train auc: 0.8398688035528808
test auc: 0.7982244172334063
one epoch time: 38.4802885055542
epoch: 33
train auc: 0.8418663175036415
test auc: 0.7983912670642215
one epoch time: 36.8367383480072
epoch: 34
train auc: 0.8465030831746287
test auc: 0.8033586868421573
one epoch time: 38.64427399635315
epoch: 35
train auc: 0.846788449990091
test auc: 0.8016455321866613
one epoch time: 37.78793525695801
epoch: 36
train auc: 0.852408639107119
test auc: 0.8020458255317107
one epoch time: 35.77407765388489
epoch: 37
train auc: 0.8508139251770822
test auc: 0.8003998192968674
one epoch time: 38.6671941280365
epoch: 38
train auc: 0.8543183006940709
test auc: 0.8035568793266983
one epoch time: 38.41749048233032
epoch: 39
train auc: 0.858222895872959
test auc: 0.8036652043793177
one epoch time: 35.216782569885254
epoch: 40
train auc: 0.8581238002912567
test auc: 0.8043496492648621
one epoch time: 35.59637713432312
epoch: 41
train auc: 0.8634717267680303
test auc: 0.8065681947559378
one epoch time: 35.71602702140808
epoch: 42
train auc: 0.8636456669855688
test auc: 0.806419273023915
one epoch time: 38.77204632759094
epoch: 43
train auc: 0.8615216411405935
test auc: 0.8025026012133213
one epoch time: 38.96747803688049
epoch: 44
train auc: 0.8677806097848321
test auc: 0.8059021318451044
one epoch time: 38.69266104698181
epoch: 45
train auc: 0.8698049661079987
test auc: 0.8060982314573532
one epoch time: 39.008052587509155
epoch: 46
train auc: 0.8706778357245417
test auc: 0.8075173501634558
one epoch time: 38.80034899711609
epoch: 47
train auc: 0.8731685824186595
test auc: 0.8063051736609954
one epoch time: 37.63103270530701
epoch: 48
train auc: 0.8745991921680747
test auc: 0.8017864858747763
one epoch time: 37.239205837249756
epoch: 49
train auc: 0.8738545088329983
test auc: 0.8064630972654077
one epoch time: 38.38954472541809
epoch: 50
train auc: 0.877302024751915
test auc: 0.8049583977332833
one epoch time: 38.810033559799194
epoch: 51
train auc: 0.8808678181846791
test auc: 0.8068364102086175
one epoch time: 37.7831084728241
epoch: 52
train auc: 0.8797680398450913
test auc: 0.8085523385502841
one epoch time: 38.02639555931091
epoch: 53
train auc: 0.8795624586099061
test auc: 0.8056225190637971
one epoch time: 37.8877112865448
epoch: 54
train auc: 0.8832182230834549
test auc: 0.807306524799175
one epoch time: 38.46497130393982
epoch: 55
train auc: 0.8875895801923156
test auc: 0.8077184171954827
one epoch time: 38.756978034973145
epoch: 56
train auc: 0.8857812229868686
test auc: 0.8075177788240459
one epoch time: 38.37898635864258
epoch: 57
train auc: 0.8899131775029343
test auc: 0.8066894804875717
one epoch time: 38.0352897644043
epoch: 58
train auc: 0.8889107982223654
test auc: 0.8062059009114233
one epoch time: 38.93678283691406
epoch: 59
train auc: 0.893591934364981
test auc: 0.808068985912095
one epoch time: 38.268492460250854
epoch: 60
train auc: 0.8933168542005686
test auc: 0.8050284207014219
one epoch time: 37.08225107192993
epoch: 61
train auc: 0.8946387615911868
test auc: 0.8074553204545538
one epoch time: 37.6531183719635
epoch: 62
train auc: 0.8952403014177857
test auc: 0.8049912280914094
one epoch time: 39.06604027748108
epoch: 63
train auc: 0.8996244970766812
test auc: 0.8085519855356803
one epoch time: 38.467247009277344
epoch: 64
train auc: 0.9006629460422177
test auc: 0.8075672260838658
one epoch time: 37.75965428352356
epoch: 65
train auc: 0.9003980576627222
test auc: 0.8099945797129164
one epoch time: 39.250144958496094
epoch: 66
train auc: 0.9027763547857788
test auc: 0.8096127439885648
one epoch time: 38.1430881023407
epoch: 67
train auc: 0.8999602362278027
test auc: 0.8095698022835809
one epoch time: 37.799644470214844
epoch: 68
train auc: 0.9025436908506497
test auc: 0.8042857284062984
one epoch time: 38.95055294036865
epoch: 69
train auc: 0.9060904146095261
test auc: 0.8113494497611806
one epoch time: 39.28382062911987
epoch: 70
train auc: 0.9068605173250097
test auc: 0.8110056135373637
one epoch time: 39.53836393356323
epoch: 71
train auc: 0.9086467659781005
test auc: 0.810995502190506
one epoch time: 38.01270246505737
epoch: 72
train auc: 0.9098275694821062
test auc: 0.8118141682713701
one epoch time: 38.31717014312744
epoch: 73
train auc: 0.9088736652145318
test auc: 0.8081081201024267
one epoch time: 38.50005602836609
epoch: 74
train auc: 0.9118626409350249
test auc: 0.8134044486295167
one epoch time: 38.10092115402222
epoch: 75
train auc: 0.9112251136407735
test auc: 0.8158675575948369
one epoch time: 38.67241811752319
epoch: 76
train auc: 0.9111051775506962
test auc: 0.8119202743750532
one epoch time: 40.17776799201965
epoch: 77
train auc: 0.9130930246424773
test auc: 0.8129610370721816
one epoch time: 38.50931358337402
epoch: 78
train auc: 0.9170253602598331
test auc: 0.8131417301185201
one epoch time: 38.70516777038574
epoch: 79
train auc: 0.9147883947021084
test auc: 0.8150478829008199
one epoch time: 37.821483850479126
epoch: 80
train auc: 0.9128368797582638
test auc: 0.8139878304771425
one epoch time: 38.76644015312195
epoch: 81
train auc: 0.9199997613800529
test auc: 0.814575549361326
one epoch time: 39.81422448158264
epoch: 82
train auc: 0.9189198401032588
test auc: 0.8130004738464592
one epoch time: 38.34456181526184
epoch: 83
train auc: 0.9202667383955824
test auc: 0.8139345757026706
one epoch time: 38.377246141433716
epoch: 84
train auc: 0.9201043228321331
test auc: 0.8140187444702782
one epoch time: 39.06698822975159
epoch: 85
train auc: 0.9180268288255223
test auc: 0.8134136774398655
one epoch time: 38.46674728393555
epoch: 86
train auc: 0.9222633321448503
test auc: 0.8110257353697635
one epoch time: 38.57933807373047
epoch: 87
train auc: 0.9235019375838521
test auc: 0.8144015888077829
one epoch time: 38.838563203811646
epoch: 88
train auc: 0.9260538871638431
test auc: 0.8145171002291166
one epoch time: 38.834370136260986
epoch: 89
train auc: 0.9256277516554392
test auc: 0.8157259483081724
one epoch time: 38.3051323890686
epoch: 90
train auc: 0.924971840885664
test auc: 0.8119296040467173
one epoch time: 38.71910047531128
epoch: 91
train auc: 0.9260149714948771
test auc: 0.8145616809304739
one epoch time: 39.67685532569885
epoch: 92
train auc: 0.9273342115660487
test auc: 0.8127134225431495
one epoch time: 38.91751170158386
epoch: 93
train auc: 0.9272981070968318
test auc: 0.8132916604636957
one epoch time: 38.05643701553345
epoch: 94
train auc: 0.9301382868684073
test auc: 0.814272536754872
one epoch time: 38.151838541030884
epoch: 95
train auc: 0.9309776402800691
test auc: 0.8119473556382081
one epoch time: 39.36007595062256
epoch: 96
train auc: 0.9310823076659982
test auc: 0.8158954205331852
one epoch time: 38.34049153327942
epoch: 97
train auc: 0.9322384127722095
test auc: 0.8127594909489073
one epoch time: 38.20126295089722
epoch: 98
train auc: 0.9321256406562954
test auc: 0.814908896008353
one epoch time: 36.60960793495178
epoch: 99
train auc: 0.9318488987534489
test auc: 0.8156371147047325
one epoch time: 38.17888379096985
epoch: 100
train auc: 0.9328017626557619
test auc: 0.8139611022285913
one epoch time: 38.71470379829407
epoch: 101
train auc: 0.9331530171629784
test auc: 0.8141908643048174
one epoch time: 38.57679462432861
epoch: 102
train auc: 0.9344868508076498
test auc: 0.8134923996964478
one epoch time: 39.18604230880737
epoch: 103
train auc: 0.9360552504534221
test auc: 0.8152844026851702
one epoch time: 37.70567178726196
epoch: 104
train auc: 0.9367032130223322
test auc: 0.8146665262677157
one epoch time: 38.48874759674072
epoch: 105
train auc: 0.936828159625348
test auc: 0.8128810288338293
one epoch time: 37.790841817855835
epoch: 106
train auc: 0.9369160025025434
test auc: 0.8131547916588499
one epoch time: 38.18551778793335
epoch: 107
train auc: 0.938935613937945
test auc: 0.8114829901426219
one epoch time: 38.744898080825806
epoch: 108
train auc: 0.9395140475366855
test auc: 0.8139914614844931
one epoch time: 38.30781817436218
epoch: 109
train auc: 0.9392953415719638
test auc: 0.8123700401952514
one epoch time: 37.651378870010376
epoch: 110
train auc: 0.9402697242755048
test auc: 0.8158970847448874
one epoch time: 39.40066123008728
epoch: 111
train auc: 0.93899288146039
test auc: 0.8133740389429573
one epoch time: 39.62469482421875
epoch: 112
train auc: 0.9411332859432727
test auc: 0.8130876432381969
one epoch time: 38.8648886680603
epoch: 113
train auc: 0.93921701060573
test auc: 0.8148706947851876
one epoch time: 38.33578896522522
epoch: 114
train auc: 0.9417989505326493
test auc: 0.8152349554253504
one epoch time: 37.892263412475586
epoch: 115
train auc: 0.9434477065366005
test auc: 0.8122796936720821
one epoch time: 38.101203203201294
epoch: 116
train auc: 0.9431763735844519
test auc: 0.8088579483356068
one epoch time: 39.83633303642273
epoch: 117
train auc: 0.9426898399712053
test auc: 0.8101911079857551
one epoch time: 36.101823568344116
epoch: 118
train auc: 0.9441244008950709
test auc: 0.8145887369782998
one epoch time: 38.64867448806763
epoch: 119
train auc: 0.9449393484128491
test auc: 0.8158512937077468
one epoch time: 40.318302631378174
epoch: 120
train auc: 0.9438222459362258
test auc: 0.8123800506807937
one epoch time: 38.54752707481384
epoch: 121
train auc: 0.9454248226876076
test auc: 0.815964737472117
one epoch time: 39.81552290916443
epoch: 122
train auc: 0.9469050980199896
test auc: 0.8109460045000285
one epoch time: 37.2042133808136
epoch: 123
train auc: 0.9470859539786427
test auc: 0.8150154307726261
one epoch time: 38.32099199295044
epoch: 124
train auc: 0.9477870320955657
test auc: 0.8161331002226615
one epoch time: 38.3931999206543
epoch: 125
train auc: 0.9444420285202507
test auc: 0.8107864418992428
one epoch time: 38.01860046386719
epoch: 126
train auc: 0.947476525754789
test auc: 0.8130999231033331
one epoch time: 38.291568756103516
epoch: 127
train auc: 0.9472113527768937
test auc: 0.8120143527668882
one epoch time: 39.41506338119507
epoch: 128
train auc: 0.9483292979810007
test auc: 0.8101328101455187
one epoch time: 38.45778155326843
epoch: 129
train auc: 0.9506974033191409
test auc: 0.8126716659586204
one epoch time: 38.519639015197754
epoch: 130
train auc: 0.9475089668101601
test auc: 0.8129110602904563
one epoch time: 38.97421407699585
epoch: 131
train auc: 0.9473690139659645
test auc: 0.8133738372203267
one epoch time: 38.189825773239136
epoch: 132
train auc: 0.9503587660076481
test auc: 0.8100240564323093
one epoch time: 38.278213024139404
epoch: 133
train auc: 0.9482841922968397
test auc: 0.810892371495624
one epoch time: 38.234023094177246
epoch: 134
train auc: 0.9528890117974511
test auc: 0.8146996844251168
one epoch time: 38.54426336288452
epoch: 135
train auc: 0.9512832080164361
test auc: 0.8123823704910454
one epoch time: 39.233004093170166
epoch: 136
train auc: 0.95244200573973
test auc: 0.813082247157829
one epoch time: 38.70728802680969
epoch: 137
train auc: 0.9510793549259784
test auc: 0.8131420831331236
one epoch time: 38.93581676483154
epoch: 138
train auc: 0.9519098652329181
test auc: 0.8119624848355012
one epoch time: 37.55677938461304
epoch: 139
train auc: 0.9526847302282914
test auc: 0.8099441742706013
one epoch time: 39.48716163635254
epoch: 140
train auc: 0.9519702823109876
test auc: 0.8129707197584493
one epoch time: 37.72256875038147
epoch: 141
train auc: 0.954245698693625
test auc: 0.8133338961394726
one epoch time: 37.66824746131897
epoch: 142
train auc: 0.9531297931113829
test auc: 0.8111768760507228
one epoch time: 38.139185667037964
epoch: 143
train auc: 0.9555457505082422
test auc: 0.8128382636361473
one epoch time: 38.226240158081055
epoch: 144
train auc: 0.955042365507524
test auc: 0.812460058919146
one epoch time: 39.39888143539429
epoch: 145
train auc: 0.9548367874345429
test auc: 0.8111112909804566
one epoch time: 38.53716993331909
epoch: 146
train auc: 0.9558635251759285
test auc: 0.8142606603349967
one epoch time: 38.81432509422302
epoch: 147
train auc: 0.9547642938977093
test auc: 0.8100028503407701
one epoch time: 38.15297865867615
epoch: 148
train auc: 0.9572160348000347
test auc: 0.8111275800828758
one epoch time: 38.366618156433105
epoch: 149
train auc: 0.9571048928005105
test auc: 0.8113509878962387
one epoch time: 39.55644726753235
epoch: 150
train auc: 0.9560856146994036
test auc: 0.8115409853989124
one epoch time: 38.4310200214386
epoch: 151
train auc: 0.9571734841770627
test auc: 0.8103612610246461
one epoch time: 38.75749731063843
epoch: 152
train auc: 0.9561613574013015
test auc: 0.8150361829882464
one epoch time: 38.499815464019775
epoch: 153
train auc: 0.9578420073992551
test auc: 0.8125259717886867
one epoch time: 38.729304790496826
epoch: 154
train auc: 0.9582948619540915
test auc: 0.814517755827666
one epoch time: 39.02111482620239
epoch: 155
train auc: 0.9601515661032529
test auc: 0.8103668083969869
one epoch time: 39.17610502243042
epoch: 156
train auc: 0.9575927102687606
test auc: 0.8097872088486842
one epoch time: 38.67574644088745
epoch: 157
train auc: 0.958544932243572
test auc: 0.8131803095716178
one epoch time: 39.175310134887695
epoch: 158
train auc: 0.9592865371726238
test auc: 0.8116486044223249
one epoch time: 39.55932831764221
epoch: 159
train auc: 0.9583991735920209
test auc: 0.8110330225997933
one epoch time: 37.33327627182007
epoch: 160
train auc: 0.9601855677065159
test auc: 0.8083464049597946
one epoch time: 37.58333158493042
epoch: 161
train auc: 0.9600391781951787
test auc: 0.811808242669097
one epoch time: 39.43146824836731
epoch: 162
train auc: 0.9605975412823259
test auc: 0.8133649866399102
one epoch time: 39.6104850769043
epoch: 163
train auc: 0.9608933876433091
test auc: 0.8099836362602075
one epoch time: 38.192546129226685
epoch: 164
train auc: 0.9594888376207007
test auc: 0.8084297920522091
one epoch time: 37.75414490699768
epoch: 165
train auc: 0.96324590331355
test auc: 0.8103427781886196
one epoch time: 37.41925406455994
epoch: 166
train auc: 0.959996157984847
test auc: 0.8107530063732249
one epoch time: 38.34087872505188
epoch: 167
train auc: 0.9612327743972547
test auc: 0.8076302391905921
one epoch time: 37.839847564697266
epoch: 168
train auc: 0.9631931593245592
test auc: 0.811489067036868
one epoch time: 34.17572093009949
epoch: 169
train auc: 0.9620121708315934
test auc: 0.8096606783286555
one epoch time: 30.716086387634277
epoch: 170
train auc: 0.9605686956534057
test auc: 0.8089192215846442
one epoch time: 30.559568643569946
epoch: 171
train auc: 0.9619467274295632
test auc: 0.8104861021176439
one epoch time: 31.434005975723267
epoch: 172
train auc: 0.9642841451546956
test auc: 0.8103026353851349
one epoch time: 31.454611778259277
epoch: 173
train auc: 0.964208209558327
test auc: 0.8107736829428589
one epoch time: 30.120901107788086
epoch: 174
train auc: 0.9631353795249944
test auc: 0.8073666633584156
one epoch time: 30.03580355644226
epoch: 175
train auc: 0.9647165465712014
test auc: 0.8123518095125131
one epoch time: 29.06324529647827
epoch: 176
train auc: 0.9638738902369999
test auc: 0.8120242371757863
one epoch time: 30.144661903381348
epoch: 177
train auc: 0.9641443741372557
test auc: 0.8116418467142007
one epoch time: 29.447613954544067
epoch: 178
train auc: 0.9618915200833122
test auc: 0.8088478117734204
one epoch time: 30.116209030151367
epoch: 179
train auc: 0.9649270877240543
test auc: 0.8101813748688299
one epoch time: 32.26219177246094
epoch: 180
train auc: 0.9646087438595682
test auc: 0.8085516073057482
one epoch time: 28.733511924743652
epoch: 181
train auc: 0.9661195328837135
test auc: 0.8119233506451695
one epoch time: 28.22357153892517
epoch: 182
train auc: 0.9647102063512952
test auc: 0.8125693421542606
one epoch time: 29.936996459960938
epoch: 183
train auc: 0.9645599779237654
test auc: 0.8097431072385746
one epoch time: 32.93716502189636
epoch: 184
train auc: 0.9661061788943548
test auc: 0.8127107749336232
one epoch time: 32.19475340843201
epoch: 185
train auc: 0.9627659154634983
test auc: 0.8099208500914409
one epoch time: 30.324206590652466
epoch: 186
train auc: 0.9651742930563101
test auc: 0.8114836709565001
one epoch time: 30.338042736053467
epoch: 187
train auc: 0.964006701242463
test auc: 0.81381835825213
one epoch time: 31.025450229644775
epoch: 188
train auc: 0.9668996471384605
test auc: 0.8119904738504937
one epoch time: 30.381152153015137
epoch: 189
train auc: 0.9652974055807494
test auc: 0.8091260377116424
one epoch time: 28.855178356170654
epoch: 190
train auc: 0.9664909369576345
test auc: 0.8116210188525936
one epoch time: 29.045687675476074
epoch: 191
train auc: 0.9669047857206788
test auc: 0.8108431763890923
one epoch time: 28.470972776412964
epoch: 192
train auc: 0.9653614133419628
test auc: 0.8135251796239164
one epoch time: 27.893930912017822
epoch: 193
train auc: 0.966006292761542
test auc: 0.8150287948969016
one epoch time: 28.428361177444458
epoch: 194
train auc: 0.9656048777863638
test auc: 0.8096547779417109
one epoch time: 27.85503363609314
epoch: 195
train auc: 0.9670922728220468
test auc: 0.8140931044749743
one epoch time: 27.803635120391846
epoch: 196
train auc: 0.9657819912760598
test auc: 0.8113093573883536
one epoch time: 28.334949254989624
epoch: 197
train auc: 0.9673636263285244
test auc: 0.8097043008475175
one epoch time: 26.990962743759155
epoch: 198
train auc: 0.9668921432273196
test auc: 0.8101598914086735
one epoch time: 27.87593364715576
epoch: 199
train auc: 0.9669647142381619
test auc: 0.8097021575445675
one epoch time: 27.758009672164917
epoch: 200
train auc: 0.9687057575976515
test auc: 0.8118083183150834
one epoch time: 27.864678859710693
/home/dsi/speingi/anaconda3/envs/tf_gpu/lib/python3.6/site-packages/sklearn/externals/joblib/externals/cloudpickle/cloudpickle.py:47: DeprecationWarning: the imp module is deprecated in favour of importlib; see the module's documentation for alternative uses
  import imp
/home/dsi/speingi/anaconda3/envs/tf_gpu/lib/python3.6/site-packages/torch/nn/functional.py:1006: UserWarning: nn.functional.sigmoid is deprecated. Use torch.sigmoid instead.
  warnings.warn("nn.functional.sigmoid is deprecated. Use torch.sigmoid instead.")
/home/dsi/speingi/anaconda3/envs/tf_gpu/lib/python3.6/site-packages/torch/nn/functional.py:1594: UserWarning: Using a target size (torch.Size([50])) that is different to the input size (torch.Size([50, 1])) is deprecated. Please ensure they have the same size.
  "Please ensure they have the same size.".format(target.size(), input.size()))
/home/dsi/speingi/anaconda3/envs/tf_gpu/lib/python3.6/site-packages/torch/nn/functional.py:1594: UserWarning: Using a target size (torch.Size([11])) that is different to the input size (torch.Size([11, 1])) is deprecated. Please ensure they have the same size.
  "Please ensure they have the same size.".format(target.size(), input.size()))
epoch: 1
train auc: 0.6004537937176364
test auc: 0.5836937952508532
one epoch time: 654.6168909072876
epoch: 2
train auc: 0.709230038668673
test auc: 0.7092081748556757
one epoch time: 651.6027057170868
epoch: 3
train auc: 0.7320477118756593
test auc: 0.7317180074474531
one epoch time: 651.5674712657928
epoch: 4
train auc: 0.7402628128638095
test auc: 0.7348066273562338
one epoch time: 651.6627507209778
epoch: 5
train auc: 0.7484925019138307
test auc: 0.7393708337320193
one epoch time: 651.6795103549957
epoch: 6
train auc: 0.7543279090527124
test auc: 0.743664382196281
one epoch time: 651.7287158966064
epoch: 7
train auc: 0.755170549637189
test auc: 0.7415817963990686
one epoch time: 651.4695613384247
epoch: 8
train auc: 0.7630394942196193
test auc: 0.7452804307004115
one epoch time: 651.5824427604675
epoch: 9
train auc: 0.7696683377647333
test auc: 0.7564235778872835
one epoch time: 651.4994430541992
epoch: 10
train auc: 0.7771280220269268
test auc: 0.7594164135011002
one epoch time: 651.7919619083405
epoch: 11
train auc: 0.7849999593983058
test auc: 0.7638555570838517
one epoch time: 663.7500939369202
epoch: 12
train auc: 0.7925852377061083
test auc: 0.7697660012598475
one epoch time: 651.9290478229523
epoch: 13
train auc: 0.7981995368996128
test auc: 0.7718444008547827
one epoch time: 651.6730051040649
epoch: 14
train auc: 0.8047858485839746
test auc: 0.7772111121742735
one epoch time: 651.8393838405609
epoch: 15
train auc: 0.8090752367792478
test auc: 0.7794372249067075
one epoch time: 651.8422338962555
epoch: 16
train auc: 0.8097376502492659
test auc: 0.7806866318613849
one epoch time: 651.9267716407776
epoch: 17
train auc: 0.8131718493989266
test auc: 0.7834540604168662
one epoch time: 651.789822101593
epoch: 18
train auc: 0.8156728423958325
test auc: 0.7833637082177144
one epoch time: 651.7165033817291
epoch: 19
train auc: 0.8200495400938242
test auc: 0.7884536567473606
one epoch time: 651.7423658370972
epoch: 20
train auc: 0.8233531905223719
test auc: 0.7829774812218926
one epoch time: 651.7841577529907
epoch: 21
train auc: 0.8285666526611969
test auc: 0.7890637957292763
one epoch time: 652.0199871063232
epoch: 22
train auc: 0.8287040957403176
test auc: 0.7876774401572417
one epoch time: 651.8332378864288
epoch: 23
train auc: 0.8358421447997254
test auc: 0.7910764121455682
one epoch time: 651.8861672878265
epoch: 24
train auc: 0.8369811000381973
test auc: 0.7917856494992506
one epoch time: 652.0956506729126
epoch: 25
train auc: 0.8415462625537743
test auc: 0.7910048231030524
one epoch time: 651.8637146949768
epoch: 26
train auc: 0.8418870360629958
test auc: 0.7939430387442988
one epoch time: 651.8786749839783
epoch: 27
train auc: 0.8471172797067847
test auc: 0.7964260048878895
one epoch time: 651.9502470493317
epoch: 28
train auc: 0.8484177852803506
test auc: 0.7962891061062737
one epoch time: 651.7519354820251
epoch: 29
train auc: 0.8538495735140937
test auc: 0.797110374206615
one epoch time: 651.8875722885132
epoch: 30
train auc: 0.8550572360180928
test auc: 0.7951780930054542
one epoch time: 651.7694261074066
epoch: 31
train auc: 0.8585799230712087
test auc: 0.7944624766768731
one epoch time: 651.5816478729248
epoch: 32
train auc: 0.8586039795750642
test auc: 0.7951268867811694
one epoch time: 651.6293358802795
epoch: 33
train auc: 0.8649941581140361
test auc: 0.7952174881590278
one epoch time: 651.5322246551514
epoch: 34
train auc: 0.8616459568420484
test auc: 0.7962278579800977
one epoch time: 649.5116105079651
epoch: 35
train auc: 0.8668371213551018
test auc: 0.7950540767629893
one epoch time: 651.0723595619202
epoch: 36
train auc: 0.8698350790898799
test auc: 0.7946805080454822
one epoch time: 650.2362666130066
epoch: 37
train auc: 0.8727697314876735
test auc: 0.7973801599926641
one epoch time: 650.0157687664032
epoch: 38
train auc: 0.874597546807568
test auc: 0.8013820946161452
one epoch time: 650.2077729701996
epoch: 39
train auc: 0.8773231559899964
test auc: 0.7943365168404938
one epoch time: 649.8856601715088
epoch: 40
train auc: 0.879738249441457
test auc: 0.80051285961471
one epoch time: 649.8485562801361
epoch: 41
train auc: 0.8791382372863249
test auc: 0.8009720710538066
one epoch time: 649.7501270771027
epoch: 42
train auc: 0.8822929429370466
test auc: 0.7968528230950784
one epoch time: 649.6628618240356
epoch: 43
train auc: 0.886057447971625
test auc: 0.7979297983845246
one epoch time: 649.9258704185486
epoch: 44
train auc: 0.888398062690158
test auc: 0.8012549885577137
one epoch time: 650.4414396286011
epoch: 45
train auc: 0.8871837595887403
test auc: 0.7965676131470673
one epoch time: 650.6402039527893
epoch: 46
train auc: 0.8917568473647185
test auc: 0.7996949055911716
one epoch time: 651.166622877121
epoch: 47
train auc: 0.8922147282138446
test auc: 0.8012601216390778
one epoch time: 651.3403778076172
epoch: 48
train auc: 0.8933557484291109
test auc: 0.8005281093515771
one epoch time: 651.593540430069
epoch: 49
train auc: 0.8938235703493185
test auc: 0.7998040209469588
one epoch time: 651.459123134613
epoch: 50
train auc: 0.8946877853418875
test auc: 0.7979342088476382
one epoch time: 651.380660533905
epoch: 51
train auc: 0.9006277735635898
test auc: 0.7966142095652728
one epoch time: 651.5883576869965
epoch: 52
train auc: 0.9013501601768559
test auc: 0.7995628408764712
one epoch time: 651.7145299911499
epoch: 53
train auc: 0.9023604825866629
test auc: 0.7989842728367301
one epoch time: 651.6387073993683
epoch: 54
train auc: 0.9056831476133593
test auc: 0.7986501241906675
one epoch time: 651.7802937030792
epoch: 55
train auc: 0.907689665898174
test auc: 0.8004917292603578
one epoch time: 651.3491477966309
epoch: 56
train auc: 0.9047694144138172
test auc: 0.8015844277262143
one epoch time: 651.3928916454315
epoch: 57
train auc: 0.9103103434909678
test auc: 0.8043176689630976
one epoch time: 651.361120223999
epoch: 58
train auc: 0.9128738155169398
test auc: 0.8026726908110867
one epoch time: 651.3000836372375
epoch: 59
train auc: 0.9084885533990628
test auc: 0.7968193334768603
one epoch time: 651.1893293857574
epoch: 60
train auc: 0.9127850643368738
test auc: 0.8005417892625905
one epoch time: 651.1929099559784
epoch: 61
train auc: 0.9141984331044901
test auc: 0.8059297056900456
one epoch time: 651.2892401218414
epoch: 62
train auc: 0.9122095670406613
test auc: 0.8026036184735112
one epoch time: 283.3427629470825
epoch: 63
train auc: 0.9154015041278284
test auc: 0.8029806258571747
one epoch time: 24.573980569839478
epoch: 64
train auc: 0.9184857912150495
test auc: 0.8032550712850444
one epoch time: 23.963247537612915
epoch: 65
train auc: 0.9152151233190817
test auc: 0.8009726940005741
one epoch time: 23.983293056488037
epoch: 66
train auc: 0.9189195283301177
test auc: 0.8017892775412241
one epoch time: 25.60068440437317
epoch: 67
train auc: 0.9203376884148585
test auc: 0.802009875450515
one epoch time: 24.486682415008545
epoch: 68
train auc: 0.9200788795759458
test auc: 0.8042087529502759
one epoch time: 24.16356372833252
epoch: 69
train auc: 0.9212578084512301
test auc: 0.8019556790817466
one epoch time: 23.98331117630005
epoch: 70
train auc: 0.9229697677881256
test auc: 0.801644305369502
one epoch time: 25.31677484512329
epoch: 71
train auc: 0.9225308951931336
test auc: 0.8006552403278794
one epoch time: 24.144726037979126
epoch: 72
train auc: 0.9261623852708726
test auc: 0.8033450746340063
one epoch time: 24.294955253601074
epoch: 73
train auc: 0.9250019047904225
test auc: 0.8066098389707523
one epoch time: 24.906590938568115
epoch: 74
train auc: 0.9258356399642224
test auc: 0.8026012014400536
one epoch time: 24.66064715385437
epoch: 75
train auc: 0.9287424246913113
test auc: 0.8048231030523395
one epoch time: 29.460317850112915
epoch: 76
train auc: 0.9286522984460526
test auc: 0.8047681342295794
one epoch time: 24.931791067123413
epoch: 77
train auc: 0.9295100092375199
test auc: 0.8009066118074823
one epoch time: 23.917343616485596
epoch: 78
train auc: 0.9295099568993984
test auc: 0.8035416517159444
one epoch time: 28.623544454574585
epoch: 79
train auc: 0.9300662556210351
test auc: 0.8055621920151183
one epoch time: 27.236304998397827
epoch: 80
train auc: 0.9328001738767557
test auc: 0.8055124808630754
one epoch time: 24.08958387374878
epoch: 81
train auc: 0.9315067529816393
test auc: 0.8006350070168724
one epoch time: 23.96581768989563
epoch: 82
train auc: 0.9310725035873819
test auc: 0.8029095850078143
one epoch time: 23.802607774734497
epoch: 83
train auc: 0.9316682731826633
test auc: 0.8052515409211239
one epoch time: 24.10956621170044
epoch: 84
train auc: 0.9331901103281258
test auc: 0.7988156037699741
one epoch time: 23.90024471282959
epoch: 85
train auc: 0.9354732308271662
test auc: 0.8042388039023379
one epoch time: 23.61740016937256
epoch: 86
train auc: 0.9374534611009441
test auc: 0.8046430216008039
one epoch time: 23.57808756828308
epoch: 87
train auc: 0.9373206983186901
test auc: 0.8034525703281982
one epoch time: 23.755473375320435
epoch: 88
train auc: 0.9358171668277306
test auc: 0.8028137259592384
one epoch time: 24.35886263847351
epoch: 89
train auc: 0.9376136236828161
test auc: 0.8033324661914331
one epoch time: 23.571955680847168
epoch: 90
train auc: 0.9390847864246206
test auc: 0.8053542274662712
one epoch time: 23.357946634292603
epoch: 91
train auc: 0.9388167692483274
test auc: 0.8016134321277071
one epoch time: 24.567818880081177
epoch: 92
train auc: 0.9387970869426283
test auc: 0.8041408019168821
one epoch time: 24.96502995491028
epoch: 93
train auc: 0.940867508487816
test auc: 0.8036599617660192
one epoch time: 23.709035396575928
epoch: 94
train auc: 0.9413492555203553
test auc: 0.808445962108889
one epoch time: 25.40511441230774
epoch: 95
train auc: 0.9400090728926658
test auc: 0.8056886502089116
one epoch time: 23.928064107894897
epoch: 96
train auc: 0.9429275718429533
test auc: 0.8046892442509489
one epoch time: 23.56759548187256
epoch: 97
train auc: 0.9446917376630642
test auc: 0.8075887375211304
one epoch time: 23.872878074645996
epoch: 98
train auc: 0.9446017160940485
test auc: 0.8050548392498327
one epoch time: 26.116076707839966
epoch: 99
train auc: 0.943965895147774
test auc: 0.8022296261522023
one epoch time: 26.395617961883545
epoch: 100
train auc: 0.9458117512595565
test auc: 0.8067182566261601
one epoch time: 24.47694683074951
epoch: 101
train auc: 0.9440157020074175
test auc: 0.807046848587057
one epoch time: 24.81649684906006
epoch: 102
train auc: 0.9460706330546387
test auc: 0.8086144069148088
one epoch time: 25.02957010269165
epoch: 103
train auc: 0.9452212916046039
test auc: 0.8032610017382706
one epoch time: 24.46345281600952
epoch: 104
train auc: 0.9441159580581961
test auc: 0.8029858087742799
one epoch time: 25.392430305480957
epoch: 105
train auc: 0.9471624649516975
test auc: 0.8038507579019551
one epoch time: 24.75004553794861
epoch: 106
train auc: 0.946774658503273
test auc: 0.8052363659378687
one epoch time: 24.42666745185852
epoch: 107
train auc: 0.9476676102965642
test auc: 0.8045402603020444
one epoch time: 24.399112701416016
epoch: 108
train auc: 0.9456152311292683
test auc: 0.8066753231349472
one epoch time: 24.37712049484253
epoch: 109
train auc: 0.9479705163818637
test auc: 0.8087390710219118
one epoch time: 24.637471914291382
epoch: 110
train auc: 0.9472103416448597
test auc: 0.8069154815727362
one epoch time: 26.806260585784912
epoch: 111
train auc: 0.946331476736276
test auc: 0.8058559238749082
one epoch time: 24.71706461906433
epoch: 112
train auc: 0.9488954832454888
test auc: 0.8045113057362931
one epoch time: 24.693115949630737
epoch: 113
train auc: 0.9501650443012064
test auc: 0.80482669122572
one epoch time: 23.862741231918335
epoch: 114
train auc: 0.9503758860447472
test auc: 0.8061480609909737
one epoch time: 24.968814373016357
epoch: 115
train auc: 0.949764212004538
test auc: 0.8066659041798234
one epoch time: 23.711870431900024
epoch: 116
train auc: 0.9507398834058908
test auc: 0.8075466263196505
one epoch time: 23.681793212890625
epoch: 117
train auc: 0.951354859505767
test auc: 0.8054767237186233
one epoch time: 26.523326635360718
epoch: 118
train auc: 0.9523784710404293
test auc: 0.8052201194861736
one epoch time: 25.15291118621826
epoch: 119
train auc: 0.9514959773554201
test auc: 0.8054762502790802
one epoch time: 24.61439847946167
epoch: 120
train auc: 0.9521698306699997
test auc: 0.8050550385927981
one epoch time: 24.116028785705566
epoch: 121
train auc: 0.9540330344900607
test auc: 0.8033273829458106
one epoch time: 23.6502742767334
epoch: 122
train auc: 0.949481781226779
test auc: 0.803768952532453
one epoch time: 24.492655754089355
epoch: 123
train auc: 0.9532766725059093
test auc: 0.8062832902752528
one epoch time: 23.889993906021118
epoch: 124
train auc: 0.9494839366057835
test auc: 0.8054513822441234
one epoch time: 24.013291120529175
epoch: 125
train auc: 0.9549054967017784
test auc: 0.8044535461120147
one epoch time: 29.409528732299805
epoch: 126
train auc: 0.9538643741004584
test auc: 0.8027706180429306
one epoch time: 26.653380155563354
epoch: 127
train auc: 0.9537450304953616
test auc: 0.8033736554316973
one epoch time: 24.40462064743042
epoch: 128
train auc: 0.9537214275885594
test auc: 0.808045382419545
one epoch time: 24.30072283744812
epoch: 129
train auc: 0.9538757425748541
test auc: 0.80906128400791
one epoch time: 24.93186640739441
epoch: 130
train auc: 0.9553058484393311
test auc: 0.8050527212308232
one epoch time: 24.060649633407593
epoch: 131
train auc: 0.9564997682214219
test auc: 0.8048654385146558
one epoch time: 24.63223171234131
epoch: 132
train auc: 0.9542223747816787
test auc: 0.8028515512869581
one epoch time: 29.003157377243042
epoch: 133
train auc: 0.9563347683283185
test auc: 0.8035297908094918
one epoch time: 23.995911598205566
epoch: 134
train auc: 0.9561760236337389
test auc: 0.8043555690444295
one epoch time: 27.538321018218994
epoch: 135
train auc: 0.9569903191604027
test auc: 0.8024012355277007
one epoch time: 25.745142936706543
epoch: 136
train auc: 0.9580962664902353
test auc: 0.8054356341498421
one epoch time: 25.804299116134644
epoch: 137
train auc: 0.9578763654936604
test auc: 0.8030013575255955
one epoch time: 24.067447662353516
epoch: 138
train auc: 0.9569881621953945
test auc: 0.8032640666363665
one epoch time: 23.712592363357544
epoch: 139
train auc: 0.9586129611139176
test auc: 0.8050133260772494
one epoch time: 24.141207933425903
epoch: 140
train auc: 0.9584380788318689
test auc: 0.8079287917025485
one epoch time: 23.68004870414734
epoch: 141
train auc: 0.9592027990554269
test auc: 0.8054278597741843
one epoch time: 24.08059310913086
epoch: 142
train auc: 0.9576229094171759
test auc: 0.803359551916882
one epoch time: 24.73585057258606
epoch: 143
train auc: 0.9579584205661792
test auc: 0.8041649473335885
one epoch time: 24.64855170249939
epoch: 144
train auc: 0.958485495583963
test auc: 0.8020008302634518
one epoch time: 23.996882915496826
epoch: 145
train auc: 0.9582136862728654
test auc: 0.8047260479459701
one epoch time: 24.20031714439392
epoch: 146
train auc: 0.9578154946723281
test auc: 0.8046258033521514
one epoch time: 23.756370782852173
epoch: 147
train auc: 0.9611846962190751
test auc: 0.8050604208528689
one epoch time: 24.328956604003906
epoch: 148
train auc: 0.9589601404920125
test auc: 0.8045042788967562
one epoch time: 23.803654432296753
epoch: 149
train auc: 0.9588342086276189
test auc: 0.8037343665279241
one epoch time: 23.669196844100952
epoch: 150
train auc: 0.9593013342922101
test auc: 0.8009155324051924
one epoch time: 23.814692735671997
epoch: 151
train auc: 0.9594224447054089
test auc: 0.8062198493764552
one epoch time: 23.531532764434814
epoch: 152
train auc: 0.9611747535619899
test auc: 0.8050423553966128
one epoch time: 23.72896122932434
epoch: 153
train auc: 0.9612958719052073
test auc: 0.8058597113912543
one epoch time: 23.692436933517456
epoch: 154
train auc: 0.9620356046407483
test auc: 0.8032133089337544
one epoch time: 27.000327587127686
epoch: 155
train auc: 0.9611563923973582
test auc: 0.8061364243453578
one epoch time: 24.808409929275513
epoch: 156
train auc: 0.96197681148424
test auc: 0.8021133593675246
one epoch time: 25.198934078216553
epoch: 157
train auc: 0.9621962795018096
test auc: 0.8070913020683825
one epoch time: 26.127456426620483
epoch: 158
train auc: 0.9614274023625998
test auc: 0.8045999884381081
one epoch time: 26.33235216140747
epoch: 159
train auc: 0.9613341231420204
test auc: 0.8039712607246515
one epoch time: 24.059435844421387
epoch: 160
train auc: 0.9618925708986469
test auc: 0.804683538058559
one epoch time: 23.98989963531494
epoch: 161
train auc: 0.9621204320477039
test auc: 0.8059227785219916
one epoch time: 26.186658143997192
epoch: 162
train auc: 0.9616747729429548
test auc: 0.8047068611855324
one epoch time: 25.517667293548584
epoch: 163
train auc: 0.9624051006766589
test auc: 0.8042257220202214
one epoch time: 23.605395078659058
epoch: 164
train auc: 0.9632924411889215
test auc: 0.8022309966350908
one epoch time: 24.667778968811035
epoch: 165
train auc: 0.9634358936359952
test auc: 0.7988547995805824
one epoch time: 24.418143272399902
epoch: 166
train auc: 0.9643731853342367
test auc: 0.8065052835853028
one epoch time: 25.585264682769775
epoch: 167
train auc: 0.9626473897012154
test auc: 0.803969815488151
one epoch time: 26.326905488967896
epoch: 168
train auc: 0.9643815261276025
test auc: 0.8043635178451822
one epoch time: 23.864185571670532
epoch: 169
train auc: 0.9657705085025976
test auc: 0.8043808357653175
one epoch time: 23.86412787437439
epoch: 170
train auc: 0.9657181497630287
test auc: 0.8013536134899372
one epoch time: 24.09201955795288
epoch: 171
train auc: 0.9650100054628312
test auc: 0.8030583197780117
one epoch time: 25.982107877731323
epoch: 172
train auc: 0.9654892133034749
test auc: 0.8019782297547284
one epoch time: 23.714699745178223
epoch: 173
train auc: 0.9635070877552967
test auc: 0.8004751588763437
one epoch time: 24.564780712127686
epoch: 174
train auc: 0.9658340834602085
test auc: 0.8021864684001531
one epoch time: 23.832539796829224
epoch: 175
train auc: 0.9653836441403603
test auc: 0.804661410989379
one epoch time: 23.395822525024414
epoch: 176
train auc: 0.966132618519359
test auc: 0.8048292079306606
one epoch time: 24.758713483810425
epoch: 177
train auc: 0.965024279495973
test auc: 0.8019736199486494
one epoch time: 25.00730276107788
epoch: 178
train auc: 0.9662935392109911
test auc: 0.8051183299843716
one epoch time: 27.90858221054077
epoch: 179
train auc: 0.9651751925043689
test auc: 0.8042737636749274
one epoch time: 28.10864543914795
epoch: 180
train auc: 0.9665772847858031
test auc: 0.8044365521241987
one epoch time: 28.955705404281616
epoch: 181
train auc: 0.9668090015098121
test auc: 0.806137894499729
one epoch time: 24.853922605514526
epoch: 182
train auc: 0.9643809916443616
test auc: 0.8044091923021721
one epoch time: 24.23960256576538
epoch: 183
train auc: 0.9644384684178133
test auc: 0.8022558646700475
one epoch time: 24.425902128219604
epoch: 184
train auc: 0.9659626718807699
test auc: 0.8053299823780818
one epoch time: 24.618916273117065
epoch: 185
train auc: 0.9662042297576288
test auc: 0.8046710043695979
one epoch time: 23.89236283302307
epoch: 186
train auc: 0.9675532575278554
test auc: 0.803512198792779
one epoch time: 23.864739418029785
epoch: 187
train auc: 0.9675531782276713
test auc: 0.803222005270628
one epoch time: 23.875473260879517
epoch: 188
train auc: 0.9679972481567307
test auc: 0.8033717367556533
one epoch time: 24.99150323867798
epoch: 189
train auc: 0.9661571428943005
test auc: 0.8025535086355372
one epoch time: 25.260833740234375
epoch: 190
train auc: 0.9680628405110258
test auc: 0.8041630535754154
one epoch time: 24.208789348602295
epoch: 191
train auc: 0.9674455773938394
test auc: 0.8018228668309253
one epoch time: 24.665125608444214
epoch: 192
train auc: 0.9679508401029787
test auc: 0.8020125167448091
one epoch time: 24.279725074768066
epoch: 193
train auc: 0.9691381081856252
test auc: 0.8048913281823111
one epoch time: 24.13287663459778
epoch: 194
train auc: 0.9673170730314729
test auc: 0.8030107017271074
one epoch time: 24.438483953475952
epoch: 195
train auc: 0.9682032287989848
test auc: 0.8052840836602557
one epoch time: 24.96999168395996
epoch: 196
train auc: 0.9675281003374444
test auc: 0.8028345822170128
one epoch time: 24.70839285850525
epoch: 197
train auc: 0.9682548024667306
test auc: 0.80188157333429
one epoch time: 27.646555185317993
epoch: 198
train auc: 0.9660256917370922
test auc: 0.8038868888144676
one epoch time: 24.395476579666138
epoch: 199
train auc: 0.9699881458912767
test auc: 0.8018883759129907
one epoch time: 24.235692501068115
epoch: 200
train auc: 0.9692318711373277
test auc: 0.8059097713934871
one epoch time: 24.494731664657593
